<?xml version="1.0" encoding="UTF-8"?>
<!-- Generated by org.testng.reporters.JUnitXMLReporter -->
<testsuite ignored="0" hostname="HW0737" failures="1" tests="1" name="Test2" time="62.734" errors="0" timestamp="2022-10-04T16:14:32 IST">
  <testcase classname="com.amazon.Testcases.TestCase2" name="verifySortingOrder" time="52.628">
    <failure type="java.lang.AssertionError" message="expected [true] but found [false]">
      <![CDATA[java.lang.AssertionError: expected [true] but found [false]
at com.amazon.Testcases.TestCase2.verifySortingOrder(TestCase2.java:49)
at java.base/java.util.ArrayList.forEach(ArrayList.java:1511)
... Removed 31 stack frames]]>
    </failure>
  </testcase> <!-- verifySortingOrder -->
</testsuite> <!-- Test2 -->
